<?xml version="1.0" encoding="UTF-8"?>
<!-- Generated by org.testng.reporters.JUnitXMLReporter -->
<testsuite hostname="nkp-PC" ignored="5" name="Default test" tests="1" failures="0" timestamp="08 Mar 2018 14:00:28 GMT" time="27.201" errors="0">
  <testcase name="homePageTitleTest" time="0.018" classname="com.qa.testcases.HomePageTest"/>
  <testcase name="selectSpecificDateTest" time="0.0" classname="com.qa.testcases.HomePageTest">
    <ignored/>
  </testcase> <!-- selectSpecificDateTest -->
  <testcase name="verifyCorrectUserNameTest" time="0.0" classname="com.qa.testcases.HomePageTest">
    <ignored/>
  </testcase> <!-- verifyCorrectUserNameTest -->
  <testcase name="clickOnTasksLinkTest" time="0.0" classname="com.qa.testcases.HomePageTest">
    <ignored/>
  </testcase> <!-- clickOnTasksLinkTest -->
  <testcase name="clickOnContactsLinkTest" time="0.0" classname="com.qa.testcases.HomePageTest">
    <ignored/>
  </testcase> <!-- clickOnContactsLinkTest -->
  <testcase name="clickOnDealsLinkTest" time="0.0" classname="com.qa.testcases.HomePageTest">
    <ignored/>
  </testcase> <!-- clickOnDealsLinkTest -->
</testsuite> <!-- Default test -->
