<?xml version="1.0" encoding="UTF-8"?>
<!-- Generated by org.testng.reporters.JUnitXMLReporter -->
<testsuite hostname="nkp-PC" ignored="4" name="Default test" tests="3" failures="0" timestamp="22 Jan 2018 21:56:02 GMT" time="68.839" errors="0">
  <testcase name="validateCreateNewContact" time="4.572" classname="com.qa.testcases.ContactsPageTest"/>
  <testcase name="validateCreateNewContact" time="4.674" classname="com.qa.testcases.ContactsPageTest"/>
  <testcase name="validateCreateNewContact" time="4.826" classname="com.qa.testcases.ContactsPageTest"/>
  <testcase name="verifyContactsLabelTest" time="0.0" classname="com.qa.testcases.ContactsPageTest">
    <ignored/>
  </testcase> <!-- verifyContactsLabelTest -->
  <testcase name="selectMultipleContactsTest" time="0.0" classname="com.qa.testcases.ContactsPageTest">
    <ignored/>
  </testcase> <!-- selectMultipleContactsTest -->
  <testcase name="selectAllContactsTest" time="0.0" classname="com.qa.testcases.ContactsPageTest">
    <ignored/>
  </testcase> <!-- selectAllContactsTest -->
  <testcase name="selectSingleContactsTest" time="0.0" classname="com.qa.testcases.ContactsPageTest">
    <ignored/>
  </testcase> <!-- selectSingleContactsTest -->
</testsuite> <!-- Default test -->
