<?xml version="1.0" encoding="UTF-8"?>
<!-- Generated by org.testng.reporters.JUnitXMLReporter -->
<testsuite hostname="nkp-PC" ignored="1" name="Command line test" tests="14" failures="0" timestamp="24 Jan 2018 19:22:58 GMT" time="301.278" errors="0">
  <testcase name="verifyContactsLabelTest" time="0.146" classname="com.qa.testcases.ContactsPageTest"/>
  <testcase name="loginPageTitleTest" time="0.017" classname="com.qa.testcases.LoginPageTest"/>
  <testcase name="selectSingleContactsTest" time="0.344" classname="com.qa.testcases.ContactsPageTest"/>
  <testcase name="verifyCorrectUserNameTest" time="0.807" classname="com.qa.testcases.HomePageTest"/>
  <testcase name="crmLogoImageTest" time="0.059" classname="com.qa.testcases.LoginPageTest"/>
  <testcase name="selectMultipleContactsTest" time="1.184" classname="com.qa.testcases.ContactsPageTest"/>
  <testcase name="clickOnContactsLinkTest" time="2.072" classname="com.qa.testcases.HomePageTest"/>
  <testcase name="loginTest" time="10.973" classname="com.qa.testcases.LoginPageTest"/>
  <testcase name="selectAllContactsTest" time="1.209" classname="com.qa.testcases.ContactsPageTest"/>
  <testcase name="validateCreateNewContact" time="6.246" classname="com.qa.testcases.ContactsPageTest"/>
  <testcase name="validateCreateNewContact" time="6.014" classname="com.qa.testcases.ContactsPageTest"/>
  <testcase name="validateCreateNewContact" time="5.273" classname="com.qa.testcases.ContactsPageTest"/>
  <testcase name="clickOnDealsLinkTest" time="2.181" classname="com.qa.testcases.HomePageTest"/>
  <testcase name="clickOnTasksLinkTest" time="2.192" classname="com.qa.testcases.HomePageTest"/>
  <testcase name="homePageTitleTest" time="0.0" classname="com.qa.testcases.HomePageTest">
    <ignored/>
  </testcase> <!-- homePageTitleTest -->
</testsuite> <!-- Command line test -->
