<?xml version="1.0" encoding="UTF-8" ?>
<testsuite tests="14" failures="0" name="TestSuite" time="38.723" errors="0" skipped="0">
  <properties>
[...]
</properties>
  <testcase classname="com.qa.testcases.ContactsPageTest" name="verifyContactsLabelTest" time="0.154"/>
  <testcase classname="com.qa.testcases.LoginPageTest" name="loginPageTitleTest" time="0.017"/>
  <testcase classname="com.qa.testcases.ContactsPageTest" name="selectSingleContactsTest" time="0.343"/>
  <testcase classname="com.qa.testcases.HomePageTest" name="verifyCorrectUserNameTest" time="0.81"/>
  <testcase classname="com.qa.testcases.LoginPageTest" name="crmLogoImageTest" time="0.058"/>
  <testcase classname="com.qa.testcases.ContactsPageTest" name="selectMultipleContactsTest" time="1.183"/>
  <testcase classname="com.qa.testcases.HomePageTest" name="clickOnContactsLinkTest" time="2.073"/>
  <testcase classname="com.qa.testcases.LoginPageTest" name="loginTest" time="10.976"/>
  <testcase classname="com.qa.testcases.ContactsPageTest" name="selectAllContactsTest" time="1.207"/>
  <testcase classname="com.qa.testcases.ContactsPageTest" name="validateCreateNewContact" time="6.245"/>
  <testcase classname="com.qa.testcases.ContactsPageTest" name="validateCreateNewContact" time="6.015"/>
  <testcase classname="com.qa.testcases.ContactsPageTest" name="validateCreateNewContact" time="5.272"/>
  <testcase classname="com.qa.testcases.HomePageTest" name="clickOnDealsLinkTest" time="2.18"/>
  <testcase classname="com.qa.testcases.HomePageTest" name="clickOnTasksLinkTest" time="2.19"/>
</testsuite>