<?xml version="1.0" encoding="UTF-8"?>
<!-- Generated by org.testng.reporters.JUnitXMLReporter -->
<testsuite hostname="nkp-PC" ignored="1" name="free CRM Application Test Cases" tests="7" failures="0" timestamp="24 Jan 2018 17:05:05 GMT" time="111.152" errors="0">
  <testcase name="loginPageTitleTest" time="0.2" classname="com.qa.testcases.LoginPageTest"/>
  <testcase name="crmLogoImageTest" time="0.14" classname="com.qa.testcases.LoginPageTest"/>
  <testcase name="verifyCorrectUserNameTest" time="0.859" classname="com.qa.testcases.HomePageTest"/>
  <testcase name="loginTest" time="5.376" classname="com.qa.testcases.LoginPageTest"/>
  <testcase name="clickOnContactsLinkTest" time="2.426" classname="com.qa.testcases.HomePageTest"/>
  <testcase name="clickOnDealsLinkTest" time="3.199" classname="com.qa.testcases.HomePageTest"/>
  <testcase name="clickOnTasksLinkTest" time="2.394" classname="com.qa.testcases.HomePageTest"/>
  <testcase name="homePageTitleTest" time="0.0" classname="com.qa.testcases.HomePageTest">
    <ignored/>
  </testcase> <!-- homePageTitleTest -->
</testsuite> <!-- free CRM Application Test Cases -->
