<?xml version="1.0" encoding="UTF-8"?>
<testng-results skipped="0" failed="0" ignored="5" total="6" passed="1">
  <reporter-output>
  </reporter-output>
  <suite name="Default suite" duration-ms="26721" started-at="2018-02-22T17:37:46Z" finished-at="2018-02-22T17:38:12Z">
    <groups>
    </groups>
    <test name="Default test" duration-ms="26721" started-at="2018-02-22T17:37:46Z" finished-at="2018-02-22T17:38:12Z">
      <class name="com.qa.testcases.HomePageTest">
        <test-method status="PASS" signature="setUp()[pri:0, instance:com.qa.testcases.HomePageTest@4cf777e8]" name="setUp" is-config="true" duration-ms="21245" started-at="2018-02-22T23:07:46Z" finished-at="2018-02-22T23:08:07Z">
          <reporter-output>
          </reporter-output>
        </test-method> <!-- setUp -->
        <test-method status="PASS" signature="selectSpecificDateTest()[pri:6, instance:com.qa.testcases.HomePageTest@4cf777e8]" name="selectSpecificDateTest" duration-ms="4729" started-at="2018-02-22T23:08:07Z" finished-at="2018-02-22T23:08:12Z">
          <reporter-output>
          </reporter-output>
        </test-method> <!-- selectSpecificDateTest -->
        <test-method status="PASS" signature="tearDown()[pri:0, instance:com.qa.testcases.HomePageTest@4cf777e8]" name="tearDown" is-config="true" duration-ms="715" started-at="2018-02-22T23:08:12Z" finished-at="2018-02-22T23:08:12Z">
          <reporter-output>
          </reporter-output>
        </test-method> <!-- tearDown -->
      </class> <!-- com.qa.testcases.HomePageTest -->
    </test> <!-- Default test -->
  </suite> <!-- Default suite -->
</testng-results>
